<?xml version="1.0" encoding="UTF-8" ?>
<testsuite tests="6" failures="0" name="co.edu.co.transversal.utilitarios.UtilTextoTest" time="0.068" errors="0" skipped="0">
  <properties>
[...]
</properties>
  <testcase classname="co.edu.co.transversal.utilitarios.UtilTextoTest" name="esVacia" time="0.064"/>
  <testcase classname="co.edu.co.transversal.utilitarios.UtilTextoTest" name="contieneSoloNumeros" time="0.001"/>
  <testcase classname="co.edu.co.transversal.utilitarios.UtilTextoTest" name="debeReemplazar" time="0.001"/>
  <testcase classname="co.edu.co.transversal.utilitarios.UtilTextoTest" name="contieneSoloLetras" time="0.001"/>
  <testcase classname="co.edu.co.transversal.utilitarios.UtilTextoTest" name="obtenerValorDefecto" time="0.001"/>
  <testcase classname="co.edu.co.transversal.utilitarios.UtilTextoTest" name="shouldApplyTrim" time="0"/>
</testsuite>